     1                                  bits 32
     2                                  
     3                                  
     4                                  global start        
     5                                  
     6                                  extern exit              
     7                                  import exit msvcrt.dll  
     8                                  extern printf  
     9                                  import printf msvcrt.dll
    10                                  
    11                                  segment data use32 class=data
    12 00000000 0E000000                    a dd 14
    13 00000004 04000000                    b dd 4
    14 00000008 52657A756C74617475-         print_frmt db "Rezultatul este %d", 0
    14 00000011 6C2065737465202564-
    14 0000001A 00                 
    15                                     
    16                                      
    17                                  segment code use32 class=code
    18                                      start:
    19 00000000 A1[00000000]                    mov EAX, [a]
    20 00000005 31D2                            xor EDX, EDX
    21 00000007 8B1D[04000000]                  mov EBX, [b]
    22                                          
    23 0000000D F7F3                            div EBX ; EAX / EBX = a / b
    24                                          
    25 0000000F 50                              push EAX
    26 00000010 68[08000000]                    push print_frmt
    27 00000015 FF15[00000000]                  call[printf]
    28                                          
    29 0000001B 83C408                          add esp, 4 * 2 
    30                                          
    31 0000001E 6A00                            push    dword 0      
    32 00000020 FF15[00000000]                  call    [exit]       
